Analysis & Synthesis report for cofre
Fri Feb 28 05:54:21 2025
Quartus Prime Version 20.1.1 Build 720 11/11/2020 SJ Lite Edition


---------------------
; Table of Contents ;
---------------------
  1. Legal Notice
  2. Analysis & Synthesis Summary
  3. Analysis & Synthesis Settings
  4. Parallel Compilation
  5. Analysis & Synthesis Source Files Read
  6. Analysis & Synthesis Resource Usage Summary
  7. Analysis & Synthesis Resource Utilization by Entity
  8. General Register Statistics
  9. Parameter Settings for User Entity Instance: clk_500m_1s:inst|lpm_counter:cnt_inst
 10. Analysis & Synthesis Messages



----------------
; Legal Notice ;
----------------
Copyright (C) 2020  Intel Corporation. All rights reserved.
Your use of Intel Corporation's design tools, logic functions 
and other software and tools, and any partner logic 
functions, and any output files from any of the foregoing 
(including device programming or simulation files), and any 
associated documentation or information are expressly subject 
to the terms and conditions of the Intel Program License 
Subscription Agreement, the Intel Quartus Prime License Agreement,
the Intel FPGA IP License Agreement, or other applicable license
agreement, including, without limitation, that your use is for
the sole purpose of programming logic devices manufactured by
Intel and sold by Intel or its authorized distributors.  Please
refer to the applicable agreement for further details, at
https://fpgasoftware.intel.com/eula.



+---------------------------------------------------------------------------+
; Analysis & Synthesis Summary                                              ;
+-----------------------------+---------------------------------------------+
; Analysis & Synthesis Status ; Successful - Fri Feb 28 05:54:21 2025       ;
; Quartus Prime Version       ; 20.1.1 Build 720 11/11/2020 SJ Lite Edition ;
; Revision Name               ; cofre                                       ;
; Top-level Entity Name       ; test_dffe_bahaviour                         ;
; Family                      ; MAX II                                      ;
; Total logic elements        ; 29                                          ;
; Total pins                  ; 2                                           ;
; Total virtual pins          ; 0                                           ;
; UFM blocks                  ; 0 / 1 ( 0 % )                               ;
+-----------------------------+---------------------------------------------+


+-------------------------------------------------------------------------------------------------------------+
; Analysis & Synthesis Settings                                                                               ;
+------------------------------------------------------------------+---------------------+--------------------+
; Option                                                           ; Setting             ; Default Value      ;
+------------------------------------------------------------------+---------------------+--------------------+
; Device                                                           ; EPM240T100I5        ;                    ;
; Top-level entity name                                            ; test_dffe_bahaviour ; cofre              ;
; Family name                                                      ; MAX II              ; Cyclone V          ;
; State Machine Processing                                         ; User-Encoded        ; Auto               ;
; Remove Redundant Logic Cells                                     ; On                  ; Off                ;
; Use smart compilation                                            ; Off                 ; Off                ;
; Enable parallel Assembler and Timing Analyzer during compilation ; On                  ; On                 ;
; Enable compact report table                                      ; Off                 ; Off                ;
; Restructure Multiplexers                                         ; Auto                ; Auto               ;
; Create Debugging Nodes for IP Cores                              ; Off                 ; Off                ;
; Preserve fewer node names                                        ; On                  ; On                 ;
; Intel FPGA IP Evaluation Mode                                    ; Enable              ; Enable             ;
; Verilog Version                                                  ; Verilog_2001        ; Verilog_2001       ;
; VHDL Version                                                     ; VHDL_1993           ; VHDL_1993          ;
; Safe State Machine                                               ; Off                 ; Off                ;
; Extract Verilog State Machines                                   ; On                  ; On                 ;
; Extract VHDL State Machines                                      ; On                  ; On                 ;
; Ignore Verilog initial constructs                                ; Off                 ; Off                ;
; Iteration limit for constant Verilog loops                       ; 5000                ; 5000               ;
; Iteration limit for non-constant Verilog loops                   ; 250                 ; 250                ;
; Add Pass-Through Logic to Inferred RAMs                          ; On                  ; On                 ;
; Infer RAMs from Raw Logic                                        ; On                  ; On                 ;
; Parallel Synthesis                                               ; On                  ; On                 ;
; NOT Gate Push-Back                                               ; On                  ; On                 ;
; Power-Up Don't Care                                              ; On                  ; On                 ;
; Remove Duplicate Registers                                       ; On                  ; On                 ;
; Ignore CARRY Buffers                                             ; Off                 ; Off                ;
; Ignore CASCADE Buffers                                           ; Off                 ; Off                ;
; Ignore GLOBAL Buffers                                            ; Off                 ; Off                ;
; Ignore ROW GLOBAL Buffers                                        ; Off                 ; Off                ;
; Ignore LCELL Buffers                                             ; Off                 ; Off                ;
; Ignore SOFT Buffers                                              ; On                  ; On                 ;
; Limit AHDL Integers to 32 Bits                                   ; Off                 ; Off                ;
; Optimization Technique                                           ; Balanced            ; Balanced           ;
; Carry Chain Length                                               ; 70                  ; 70                 ;
; Auto Carry Chains                                                ; On                  ; On                 ;
; Auto Open-Drain Pins                                             ; On                  ; On                 ;
; Perform WYSIWYG Primitive Resynthesis                            ; Off                 ; Off                ;
; Auto Shift Register Replacement                                  ; Auto                ; Auto               ;
; Allow Shift Register Merging across Hierarchies                  ; Auto                ; Auto               ;
; Auto Clock Enable Replacement                                    ; On                  ; On                 ;
; Allow Synchronous Control Signals                                ; On                  ; On                 ;
; Force Use of Synchronous Clear Signals                           ; Off                 ; Off                ;
; Auto Resource Sharing                                            ; Off                 ; Off                ;
; Use LogicLock Constraints during Resource Balancing              ; On                  ; On                 ;
; Ignore translate_off and synthesis_off directives                ; Off                 ; Off                ;
; Report Parameter Settings                                        ; On                  ; On                 ;
; Report Source Assignments                                        ; On                  ; On                 ;
; Report Connectivity Checks                                       ; On                  ; On                 ;
; Ignore Maximum Fan-Out Assignments                               ; Off                 ; Off                ;
; Synchronization Register Chain Length                            ; 2                   ; 2                  ;
; Power Optimization During Synthesis                              ; Normal compilation  ; Normal compilation ;
; HDL message level                                                ; Level2              ; Level2             ;
; Suppress Register Optimization Related Messages                  ; Off                 ; Off                ;
; Number of Removed Registers Reported in Synthesis Report         ; 5000                ; 5000               ;
; Number of Swept Nodes Reported in Synthesis Report               ; 5000                ; 5000               ;
; Number of Inverted Registers Reported in Synthesis Report        ; 100                 ; 100                ;
; Clock MUX Protection                                             ; On                  ; On                 ;
; Block Design Naming                                              ; Auto                ; Auto               ;
; Synthesis Effort                                                 ; Auto                ; Auto               ;
; Shift Register Replacement - Allow Asynchronous Clear Signal     ; On                  ; On                 ;
; Analysis & Synthesis Message Level                               ; Medium              ; Medium             ;
; Disable Register Merging Across Hierarchies                      ; Auto                ; Auto               ;
+------------------------------------------------------------------+---------------------+--------------------+


+------------------------------------------+
; Parallel Compilation                     ;
+----------------------------+-------------+
; Processors                 ; Number      ;
+----------------------------+-------------+
; Number detected on machine ; 4           ;
; Maximum allowed            ; 2           ;
;                            ;             ;
; Average used               ; 1.00        ;
; Maximum used               ; 1           ;
;                            ;             ;
; Usage by Processor         ; % Time Used ;
;     Processor 1            ; 100.0%      ;
+----------------------------+-------------+


+--------------------------------------------------------------------------------------------------------------------------------------------------------------------------------------------+
; Analysis & Synthesis Source Files Read                                                                                                                                                     ;
+----------------------------------+-----------------+------------------------------------+----------------------------------------------------------------------------------------+---------+
; File Name with User-Entered Path ; Used in Netlist ; File Type                          ; File Name with Absolute Path                                                           ; Library ;
+----------------------------------+-----------------+------------------------------------+----------------------------------------------------------------------------------------+---------+
; modules/clk_500m_1s.tdf          ; yes             ; User AHDL File                     ; /mnt/caio/General/UFPE/ED/Projetos/P2/cofre/modules/clk_500m_1s.tdf                    ;         ;
; tests/test_dffe_bahaviour.bdf    ; yes             ; User Block Diagram/Schematic File  ; /mnt/caio/General/UFPE/ED/Projetos/P2/cofre/tests/test_dffe_bahaviour.bdf              ;         ;
; lpm_decode.inc                   ; yes             ; Megafunction                       ; /home/caio/intelFPGA_lite/20.1/quartus/libraries/megafunctions/lpm_decode.inc          ;         ;
; lpm_counter.inc                  ; yes             ; Megafunction                       ; /home/caio/intelFPGA_lite/20.1/quartus/libraries/megafunctions/lpm_counter.inc         ;         ;
; lpm_counter.tdf                  ; yes             ; Megafunction                       ; /home/caio/intelFPGA_lite/20.1/quartus/libraries/megafunctions/lpm_counter.tdf         ;         ;
; lpm_constant.inc                 ; yes             ; Megafunction                       ; /home/caio/intelFPGA_lite/20.1/quartus/libraries/megafunctions/lpm_constant.inc        ;         ;
; lpm_add_sub.inc                  ; yes             ; Megafunction                       ; /home/caio/intelFPGA_lite/20.1/quartus/libraries/megafunctions/lpm_add_sub.inc         ;         ;
; cmpconst.inc                     ; yes             ; Megafunction                       ; /home/caio/intelFPGA_lite/20.1/quartus/libraries/megafunctions/cmpconst.inc            ;         ;
; lpm_compare.inc                  ; yes             ; Megafunction                       ; /home/caio/intelFPGA_lite/20.1/quartus/libraries/megafunctions/lpm_compare.inc         ;         ;
; dffeea.inc                       ; yes             ; Megafunction                       ; /home/caio/intelFPGA_lite/20.1/quartus/libraries/megafunctions/dffeea.inc              ;         ;
; alt_counter_stratix.inc          ; yes             ; Megafunction                       ; /home/caio/intelFPGA_lite/20.1/quartus/libraries/megafunctions/alt_counter_stratix.inc ;         ;
; aglobal201.inc                   ; yes             ; Megafunction                       ; /home/caio/intelFPGA_lite/20.1/quartus/libraries/megafunctions/aglobal201.inc          ;         ;
; db/cntr_92j.tdf                  ; yes             ; Auto-Generated Megafunction        ; /mnt/caio/General/UFPE/ED/Projetos/P2/cofre/db/cntr_92j.tdf                            ;         ;
+----------------------------------+-----------------+------------------------------------+----------------------------------------------------------------------------------------+---------+


+-----------------------------------------------------+
; Analysis & Synthesis Resource Usage Summary         ;
+---------------------------------------------+-------+
; Resource                                    ; Usage ;
+---------------------------------------------+-------+
; Total logic elements                        ; 29    ;
;     -- Combinational with no register       ; 1     ;
;     -- Register only                        ; 0     ;
;     -- Combinational with a register        ; 28    ;
;                                             ;       ;
; Logic element usage by number of LUT inputs ;       ;
;     -- 4 input functions                    ; 0     ;
;     -- 3 input functions                    ; 0     ;
;     -- 2 input functions                    ; 21    ;
;     -- 1 input functions                    ; 8     ;
;     -- 0 input functions                    ; 0     ;
;                                             ;       ;
; Logic elements by mode                      ;       ;
;     -- normal mode                          ; 7     ;
;     -- arithmetic mode                      ; 22    ;
;     -- qfbk mode                            ; 0     ;
;     -- register cascade mode                ; 0     ;
;     -- synchronous clear/load mode          ; 0     ;
;     -- asynchronous clear/load mode         ; 0     ;
;                                             ;       ;
; Total registers                             ; 28    ;
; Total logic cells in carry chains           ; 23    ;
; I/O pins                                    ; 2     ;
; Maximum fan-out node                        ; clk   ;
; Maximum fan-out                             ; 22    ;
; Total fan-out                               ; 79    ;
; Average fan-out                             ; 2.55  ;
+---------------------------------------------+-------+


+-------------------------------------------------------------------------------------------------------------------------------------------------------------------------------------------------------------------------------------------------------------------------------------------------------------------+
; Analysis & Synthesis Resource Utilization by Entity                                                                                                                                                                                                                                                               ;
+------------------------------------+-------------+--------------+------------+------+--------------+--------------+-------------------+------------------+-----------------+------------+------------------------------------------------------------------------------------+---------------------+--------------+
; Compilation Hierarchy Node         ; Logic Cells ; LC Registers ; UFM Blocks ; Pins ; Virtual Pins ; LUT-Only LCs ; Register-Only LCs ; LUT/Register LCs ; Carry Chain LCs ; Packed LCs ; Full Hierarchy Name                                                                ; Entity Name         ; Library Name ;
+------------------------------------+-------------+--------------+------------+------+--------------+--------------+-------------------+------------------+-----------------+------------+------------------------------------------------------------------------------------+---------------------+--------------+
; |test_dffe_bahaviour               ; 29 (1)      ; 28           ; 0          ; 2    ; 0            ; 1 (0)        ; 0 (0)             ; 28 (1)           ; 23 (0)          ; 0 (0)      ; |test_dffe_bahaviour                                                               ; test_dffe_bahaviour ; work         ;
;    |clk_500m_1s:inst|              ; 28 (5)      ; 27           ; 0          ; 0    ; 0            ; 1 (0)        ; 0 (0)             ; 27 (5)           ; 23 (0)          ; 0 (0)      ; |test_dffe_bahaviour|clk_500m_1s:inst                                              ; clk_500m_1s         ; work         ;
;       |lpm_counter:cnt_inst|       ; 23 (0)      ; 22           ; 0          ; 0    ; 0            ; 1 (0)        ; 0 (0)             ; 22 (0)           ; 23 (0)          ; 0 (0)      ; |test_dffe_bahaviour|clk_500m_1s:inst|lpm_counter:cnt_inst                         ; lpm_counter         ; work         ;
;          |cntr_92j:auto_generated| ; 23 (23)     ; 22           ; 0          ; 0    ; 0            ; 1 (1)        ; 0 (0)             ; 22 (22)          ; 23 (23)         ; 0 (0)      ; |test_dffe_bahaviour|clk_500m_1s:inst|lpm_counter:cnt_inst|cntr_92j:auto_generated ; cntr_92j            ; work         ;
+------------------------------------+-------------+--------------+------------+------+--------------+--------------+-------------------+------------------+-----------------+------------+------------------------------------------------------------------------------------+---------------------+--------------+
Note: For table entries with two numbers listed, the numbers in parentheses indicate the number of resources of the given type used by the specific entity alone. The numbers listed outside of parentheses indicate the total resources of the given type used by the specific entity and all of its sub-entities in the hierarchy.


+------------------------------------------------------+
; General Register Statistics                          ;
+----------------------------------------------+-------+
; Statistic                                    ; Value ;
+----------------------------------------------+-------+
; Total registers                              ; 28    ;
; Number of registers using Synchronous Clear  ; 0     ;
; Number of registers using Synchronous Load   ; 0     ;
; Number of registers using Asynchronous Clear ; 0     ;
; Number of registers using Asynchronous Load  ; 0     ;
; Number of registers using Clock Enable       ; 1     ;
; Number of registers using Preset             ; 0     ;
+----------------------------------------------+-------+


+------------------------------------------------------------------------------------+
; Parameter Settings for User Entity Instance: clk_500m_1s:inst|lpm_counter:cnt_inst ;
+------------------------+-------------------+---------------------------------------+
; Parameter Name         ; Value             ; Type                                  ;
+------------------------+-------------------+---------------------------------------+
; AUTO_CARRY_CHAINS      ; ON                ; AUTO_CARRY                            ;
; IGNORE_CARRY_BUFFERS   ; OFF               ; IGNORE_CARRY                          ;
; AUTO_CASCADE_CHAINS    ; ON                ; AUTO_CASCADE                          ;
; IGNORE_CASCADE_BUFFERS ; OFF               ; IGNORE_CASCADE                        ;
; LPM_WIDTH              ; 22                ; Untyped                               ;
; LPM_DIRECTION          ; UP                ; Untyped                               ;
; LPM_MODULUS            ; 0                 ; Untyped                               ;
; LPM_AVALUE             ; 3125000           ; Untyped                               ;
; LPM_SVALUE             ; UNUSED            ; Untyped                               ;
; LPM_PORT_UPDOWN        ; PORT_CONNECTIVITY ; Untyped                               ;
; DEVICE_FAMILY          ; MAX II            ; Untyped                               ;
; CARRY_CHAIN            ; MANUAL            ; Untyped                               ;
; CARRY_CHAIN_LENGTH     ; 48                ; CARRY_CHAIN_LENGTH                    ;
; NOT_GATE_PUSH_BACK     ; ON                ; NOT_GATE_PUSH_BACK                    ;
; CARRY_CNT_EN           ; SMART             ; Untyped                               ;
; LABWIDE_SCLR           ; ON                ; Untyped                               ;
; USE_NEW_VERSION        ; TRUE              ; Untyped                               ;
; CBXI_PARAMETER         ; cntr_92j          ; Untyped                               ;
+------------------------+-------------------+---------------------------------------+
Note: In order to hide this table in the UI and the text report file, please set the "Show Parameter Settings in Synthesis Report" option in "Analysis and Synthesis Settings -> More Settings" to "Off".


+-------------------------------+
; Analysis & Synthesis Messages ;
+-------------------------------+
Info: *******************************************************************
Info: Running Quartus Prime Analysis & Synthesis
    Info: Version 20.1.1 Build 720 11/11/2020 SJ Lite Edition
    Info: Processing started: Fri Feb 28 05:54:07 2025
Info: Command: quartus_map --read_settings_files=on --write_settings_files=off cofre -c cofre
Warning (18236): Number of processors has not been specified which may cause overloading on shared machines.  Set the global assignment NUM_PARALLEL_PROCESSORS in your QSF to an appropriate value for best performance.
Info (20030): Parallel compilation is enabled and will use 2 of the 2 processors detected
Info (12021): Found 1 design units, including 1 entities, in source file modules/display_controller.tdf
    Info (12023): Found entity 1: display_controller File: /mnt/caio/General/UFPE/ED/Projetos/P2/cofre/modules/display_controller.tdf Line: 13
Info (12021): Found 1 design units, including 1 entities, in source file modules/up_down.tdf
    Info (12023): Found entity 1: up_down File: /mnt/caio/General/UFPE/ED/Projetos/P2/cofre/modules/up_down.tdf Line: 7
Info (12021): Found 1 design units, including 1 entities, in source file modules/digit_selector.tdf
    Info (12023): Found entity 1: digit_selector File: /mnt/caio/General/UFPE/ED/Projetos/P2/cofre/modules/digit_selector.tdf Line: 15
Info (12021): Found 1 design units, including 1 entities, in source file modules/debouncer.tdf
    Info (12023): Found entity 1: debouncer File: /mnt/caio/General/UFPE/ED/Projetos/P2/cofre/modules/debouncer.tdf Line: 3
Info (12021): Found 1 design units, including 1 entities, in source file modules/cnt_modn.tdf
    Info (12023): Found entity 1: cnt_modn File: /mnt/caio/General/UFPE/ED/Projetos/P2/cofre/modules/cnt_modn.tdf Line: 6
Info (12021): Found 1 design units, including 1 entities, in source file modules/clk_500m_1s.tdf
    Info (12023): Found entity 1: clk_500m_1s File: /mnt/caio/General/UFPE/ED/Projetos/P2/cofre/modules/clk_500m_1s.tdf Line: 7
Info (12021): Found 1 design units, including 1 entities, in source file modules/bcd2ss.tdf
    Info (12023): Found entity 1: bcd2ss File: /mnt/caio/General/UFPE/ED/Projetos/P2/cofre/modules/bcd2ss.tdf Line: 3
Info (12021): Found 1 design units, including 1 entities, in source file output_files/cofre.bdf
    Info (12023): Found entity 1: cofre
Info (12021): Found 1 design units, including 1 entities, in source file modules/display_selector.tdf
    Info (12023): Found entity 1: display_selector File: /mnt/caio/General/UFPE/ED/Projetos/P2/cofre/modules/display_selector.tdf Line: 8
Info (12021): Found 1 design units, including 1 entities, in source file modules/lucid_ram.tdf
    Info (12023): Found entity 1: lucid_ram File: /mnt/caio/General/UFPE/ED/Projetos/P2/cofre/modules/lucid_ram.tdf Line: 9
Info (12021): Found 1 design units, including 1 entities, in source file modules/reset.tdf
    Info (12023): Found entity 1: reset File: /mnt/caio/General/UFPE/ED/Projetos/P2/cofre/modules/reset.tdf Line: 12
Info (12021): Found 1 design units, including 1 entities, in source file modules/ram_io.tdf
    Info (12023): Found entity 1: ram_io File: /mnt/caio/General/UFPE/ED/Projetos/P2/cofre/modules/ram_io.tdf Line: 11
Info (12021): Found 1 design units, including 1 entities, in source file modules/mode.tdf
    Info (12023): Found entity 1: mode File: /mnt/caio/General/UFPE/ED/Projetos/P2/cofre/modules/mode.tdf Line: 3
Warning (287004): Group name "a" is missing brackets ([ ]) File: /mnt/caio/General/UFPE/ED/Projetos/P2/cofre/tests/test_op.tdf Line: 20
Warning (287004): Group name "b" is missing brackets ([ ]) File: /mnt/caio/General/UFPE/ED/Projetos/P2/cofre/tests/test_op.tdf Line: 20
Info (12021): Found 1 design units, including 1 entities, in source file tests/test_op.tdf
    Info (12023): Found entity 1: test_op File: /mnt/caio/General/UFPE/ED/Projetos/P2/cofre/tests/test_op.tdf Line: 7
Info (12021): Found 1 design units, including 1 entities, in source file tests/test_dffe_bahaviour.bdf
    Info (12023): Found entity 1: test_dffe_bahaviour
Info (12127): Elaborating entity "test_dffe_bahaviour" for the top level hierarchy
Info (12128): Elaborating entity "clk_500m_1s" for hierarchy "clk_500m_1s:inst"
Info (12128): Elaborating entity "lpm_counter" for hierarchy "clk_500m_1s:inst|lpm_counter:cnt_inst" File: /mnt/caio/General/UFPE/ED/Projetos/P2/cofre/modules/clk_500m_1s.tdf Line: 12
Info (12130): Elaborated megafunction instantiation "clk_500m_1s:inst|lpm_counter:cnt_inst" File: /mnt/caio/General/UFPE/ED/Projetos/P2/cofre/modules/clk_500m_1s.tdf Line: 12
Info (12133): Instantiated megafunction "clk_500m_1s:inst|lpm_counter:cnt_inst" with the following parameter: File: /mnt/caio/General/UFPE/ED/Projetos/P2/cofre/modules/clk_500m_1s.tdf Line: 12
    Info (12134): Parameter "LPM_WIDTH" = "22"
    Info (12134): Parameter "LPM_DIRECTION" = "UP"
    Info (12134): Parameter "LPM_AVALUE" = "3125000"
Info (12021): Found 1 design units, including 1 entities, in source file db/cntr_92j.tdf
    Info (12023): Found entity 1: cntr_92j File: /mnt/caio/General/UFPE/ED/Projetos/P2/cofre/db/cntr_92j.tdf Line: 26
Info (12128): Elaborating entity "cntr_92j" for hierarchy "clk_500m_1s:inst|lpm_counter:cnt_inst|cntr_92j:auto_generated" File: /home/caio/intelFPGA_lite/20.1/quartus/libraries/megafunctions/lpm_counter.tdf Line: 259
Info (21057): Implemented 31 device resources after synthesis - the final resource count might be different
    Info (21058): Implemented 1 input pins
    Info (21059): Implemented 1 output pins
    Info (21061): Implemented 29 logic cells
Info: Quartus Prime Analysis & Synthesis was successful. 0 errors, 3 warnings
    Info: Peak virtual memory: 344 megabytes
    Info: Processing ended: Fri Feb 28 05:54:21 2025
    Info: Elapsed time: 00:00:14
    Info: Total CPU time (on all processors): 00:00:31


